Compiling the C compiler identification source file "CMakeCCompilerId.c" failed.
Compiler: /usr/bin/cc 
Build flags: 
Id flags:  

The output was:
1
/usr/bin/ld: 找不到 Scrt1.o: 没有那个文件或目录
/usr/bin/ld: 找不到 crti.o: 没有那个文件或目录
collect2: error: ld returned 1 exit status


Compiling the CXX compiler identification source file "CMakeCXXCompilerId.cpp" failed.
Compiler: CMAKE_CXX_COMPILER-NOTFOUND 
Build flags: 
Id flags:  

The output was:
No such file or directory


Compiling the CXX compiler identification source file "CMakeCXXCompilerId.cpp" failed.
Compiler: CMAKE_CXX_COMPILER-NOTFOUND 
Build flags: 
Id flags: -c 

The output was:
No such file or directory


Compiling the CXX compiler identification source file "CMakeCXXCompilerId.cpp" failed.
Compiler: CMAKE_CXX_COMPILER-NOTFOUND 
Build flags: 
Id flags: --c++ 

The output was:
No such file or directory


Compiling the CXX compiler identification source file "CMakeCXXCompilerId.cpp" failed.
Compiler: CMAKE_CXX_COMPILER-NOTFOUND 
Build flags: 
Id flags: --ec++ 

The output was:
No such file or directory


Compiling the CXX compiler identification source file "CMakeCXXCompilerId.cpp" failed.
Compiler: CMAKE_CXX_COMPILER-NOTFOUND 
Build flags: 
Id flags: --target=arm-arm-none-eabi;-mcpu=cortex-m3 

The output was:
No such file or directory


Compiling the CXX compiler identification source file "CMakeCXXCompilerId.cpp" failed.
Compiler: CMAKE_CXX_COMPILER-NOTFOUND 
Build flags: 
Id flags:  

The output was:
No such file or directory


Compiling the CXX compiler identification source file "CMakeCXXCompilerId.cpp" failed.
Compiler: CMAKE_CXX_COMPILER-NOTFOUND 
Build flags: 
Id flags: -c 

The output was:
No such file or directory


Compiling the CXX compiler identification source file "CMakeCXXCompilerId.cpp" failed.
Compiler: CMAKE_CXX_COMPILER-NOTFOUND 
Build flags: 
Id flags: --c++ 

The output was:
No such file or directory


Compiling the CXX compiler identification source file "CMakeCXXCompilerId.cpp" failed.
Compiler: CMAKE_CXX_COMPILER-NOTFOUND 
Build flags: 
Id flags: --ec++ 

The output was:
No such file or directory


Compiling the CXX compiler identification source file "CMakeCXXCompilerId.cpp" failed.
Compiler: CMAKE_CXX_COMPILER-NOTFOUND 
Build flags: 
Id flags: --target=arm-arm-none-eabi;-mcpu=cortex-m3 

The output was:
No such file or directory


Determining if the C compiler works failed with the following output:
Change Dir: /home/neethan/workspace/imx6ull/testApp/displayImage/build/CMakeFiles/CMakeTmp

Run Build Command(s):/usr/bin/make cmTC_6fc12/fast && /usr/bin/make -f CMakeFiles/cmTC_6fc12.dir/build.make CMakeFiles/cmTC_6fc12.dir/build
make[1]: 进入目录“/home/neethan/workspace/imx6ull/testApp/displayImage/build/CMakeFiles/CMakeTmp”
Building C object CMakeFiles/cmTC_6fc12.dir/testCCompiler.c.o
/usr/bin/cc    -o CMakeFiles/cmTC_6fc12.dir/testCCompiler.c.o   -c /home/neethan/workspace/imx6ull/testApp/displayImage/build/CMakeFiles/CMakeTmp/testCCompiler.c
Linking C executable cmTC_6fc12
/usr/bin/cmake -E cmake_link_script CMakeFiles/cmTC_6fc12.dir/link.txt --verbose=1
/usr/bin/cc      -rdynamic CMakeFiles/cmTC_6fc12.dir/testCCompiler.c.o  -o cmTC_6fc12 
/usr/bin/ld: 找不到 Scrt1.o: 没有那个文件或目录
/usr/bin/ld: 找不到 crti.o: 没有那个文件或目录
collect2: error: ld returned 1 exit status
make[1]: *** [CMakeFiles/cmTC_6fc12.dir/build.make:87：cmTC_6fc12] 错误 1
make[1]: 离开目录“/home/neethan/workspace/imx6ull/testApp/displayImage/build/CMakeFiles/CMakeTmp”
make: *** [Makefile:121：cmTC_6fc12/fast] 错误 2



